<?xml version="1.0" encoding="UTF-8"?><testsuite errors="0" failures="0" name="Testing different request on the petstore application" skipped="0" tests="5" time="23.89" timestamp="2023-01-10T00:20:27.660Z[Europe/London]"><testcase name="As a user I am registering new user detail"/><testcase name="As a user I am getting detail of new user"/><testcase name="As a user I am updating user detail"/><testcase name="As user I am deleting user detail"/><testcase name="As a user I am registering new user detail"/></testsuite>